09:45:39 **** Incremental Build of configuration Debug for project LAB5_UART ****
make -j20 all 
arm-none-eabi-gcc "../Core/Src/uart_communication_fsm.c" -mcpu=cortex-m3 -std=gnu11 -g3 -DDEBUG -DUSE_HAL_DRIVER -DSTM32F103x6 -c -I../Core/Inc -I../Drivers/STM32F1xx_HAL_Driver/Inc -I../Drivers/STM32F1xx_HAL_Driver/Inc/Legacy -I../Drivers/CMSIS/Device/ST/STM32F1xx/Include -I../Drivers/CMSIS/Include -O0 -ffunction-sections -fdata-sections -Wall -fstack-usage -MMD -MP -MF"Core/Src/uart_communication_fsm.d" -MT"Core/Src/uart_communication_fsm.o" --specs=nano.specs -mfloat-abi=soft -mthumb -o "Core/Src/uart_communication_fsm.o"
arm-none-eabi-gcc -o "LAB5_UART.elf" @"objects.list"   -mcpu=cortex-m3 -T"D:\1\Dai_Hoc\VXL\STM32LAB5\LAB5_UART\STM32F103C6UX_FLASH.ld" --specs=nosys.specs -Wl,-Map="LAB5_UART.map" -Wl,--gc-sections -static --specs=nano.specs -mfloat-abi=soft -mthumb -Wl,--start-group -lc -lm -Wl,--end-group
Finished building target: LAB5_UART.elf
 
arm-none-eabi-size   LAB5_UART.elf 
arm-none-eabi-objdump -h -S  LAB5_UART.elf  > "LAB5_UART.list"
arm-none-eabi-objcopy  -O ihex  LAB5_UART.elf  "LAB5_UART.hex"
   text	   data	    bss	    dec	    hex	filename
  16544	    120	   1920	  18584	   4898	LAB5_UART.elf
arm-none-eabi-objcopy  -O binary  LAB5_UART.elf  "LAB5_UART.bin"
Finished building: default.size.stdout
 
Finished building: LAB5_UART.hex
Finished building: LAB5_UART.bin
 
 
Finished building: LAB5_UART.list
 
09:47:43 **** Incremental Build of configuration Debug for project LAB5_UART ****
make -j20 all 
arm-none-eabi-gcc "../Core/Src/command_parser_fsm.c" -mcpu=cortex-m3 -std=gnu11 -g3 -DDEBUG -DUSE_HAL_DRIVER -DSTM32F103x6 -c -I../Core/Inc -I../Drivers/STM32F1xx_HAL_Driver/Inc -I../Drivers/STM32F1xx_HAL_Driver/Inc/Legacy -I../Drivers/CMSIS/Device/ST/STM32F1xx/Include -I../Drivers/CMSIS/Include -O0 -ffunction-sections -fdata-sections -Wall -fstack-usage -MMD -MP -MF"Core/Src/command_parser_fsm.d" -MT"Core/Src/command_parser_fsm.o" --specs=nano.specs -mfloat-abi=soft -mthumb -o "Core/Src/command_parser_fsm.o"
arm-none-eabi-gcc -o "LAB5_UART.elf" @"objects.list"   -mcpu=cortex-m3 -T"D:\1\Dai_Hoc\VXL\STM32LAB5\LAB5_UART\STM32F103C6UX_FLASH.ld" --specs=nosys.specs -Wl,-Map="LAB5_UART.map" -Wl,--gc-sections -static --specs=nano.specs -mfloat-abi=soft -mthumb -Wl,--start-group -lc -lm -Wl,--end-group
Finished building target: LAB5_UART.elf
 
arm-none-eabi-size   LAB5_UART.elf 
arm-none-eabi-objdump -h -S  LAB5_UART.elf  > "LAB5_UART.list"
arm-none-eabi-objcopy  -O ihex  LAB5_UART.elf  "LAB5_UART.hex"
   text	   data	    bss	    dec	    hex	filename
  16492	    120	   1920	  18532	   4864	LAB5_UART.elf
arm-none-eabi-objcopy  -O binary  LAB5_UART.elf  "LAB5_UART.bin"
Finished building: default.size.stdout
 
Finished building: LAB5_UART.hex
Finished building: LAB5_UART.bin
 
 
Finished building: LAB5_UART.list
 
09:48:55 **** Incremental Build of configuration Debug for project LAB5_UART ****
make -j20 all 
arm-none-eabi-gcc "../Core/Src/uart_communication_fsm.c" -mcpu=cortex-m3 -std=gnu11 -g3 -DDEBUG -DUSE_HAL_DRIVER -DSTM32F103x6 -c -I../Core/Inc -I../Drivers/STM32F1xx_HAL_Driver/Inc -I../Drivers/STM32F1xx_HAL_Driver/Inc/Legacy -I../Drivers/CMSIS/Device/ST/STM32F1xx/Include -I../Drivers/CMSIS/Include -O0 -ffunction-sections -fdata-sections -Wall -fstack-usage -MMD -MP -MF"Core/Src/uart_communication_fsm.d" -MT"Core/Src/uart_communication_fsm.o" --specs=nano.specs -mfloat-abi=soft -mthumb -o "Core/Src/uart_communication_fsm.o"
arm-none-eabi-gcc -o "LAB5_UART.elf" @"objects.list"   -mcpu=cortex-m3 -T"D:\1\Dai_Hoc\VXL\STM32LAB5\LAB5_UART\STM32F103C6UX_FLASH.ld" --specs=nosys.specs -Wl,-Map="LAB5_UART.map" -Wl,--gc-sections -static --specs=nano.specs -mfloat-abi=soft -mthumb -Wl,--start-group -lc -lm -Wl,--end-group
Finished building target: LAB5_UART.elf
 
arm-none-eabi-size   LAB5_UART.elf 
arm-none-eabi-objdump -h -S  LAB5_UART.elf  > "LAB5_UART.list"
arm-none-eabi-objcopy  -O ihex  LAB5_UART.elf  "LAB5_UART.hex"
   text	   data	    bss	    dec	    hex	filename
  16500	    120	   1920	  18540	   486c	LAB5_UART.elf
arm-none-eabi-objcopy  -O binary  LAB5_UART.elf  "LAB5_UART.bin"
Finished building: default.size.stdout
 
Finished building: LAB5_UART.bin
Finished building: LAB5_UART.hex
 
 
Finished building: LAB5_UART.list
 
09:56:23 **** Incremental Build of configuration Debug for project LAB5_UART ****
make -j20 all 
arm-none-eabi-gcc "../Core/Src/command_parser_fsm.c" -mcpu=cortex-m3 -std=gnu11 -g3 -DDEBUG -DUSE_HAL_DRIVER -DSTM32F103x6 -c -I../Core/Inc -I../Drivers/STM32F1xx_HAL_Driver/Inc -I../Drivers/STM32F1xx_HAL_Driver/Inc/Legacy -I../Drivers/CMSIS/Device/ST/STM32F1xx/Include -I../Drivers/CMSIS/Include -O0 -ffunction-sections -fdata-sections -Wall -fstack-usage -MMD -MP -MF"Core/Src/command_parser_fsm.d" -MT"Core/Src/command_parser_fsm.o" --specs=nano.specs -mfloat-abi=soft -mthumb -o "Core/Src/command_parser_fsm.o"
arm-none-eabi-gcc "../Core/Src/global.c" -mcpu=cortex-m3 -std=gnu11 -g3 -DDEBUG -DUSE_HAL_DRIVER -DSTM32F103x6 -c -I../Core/Inc -I../Drivers/STM32F1xx_HAL_Driver/Inc -I../Drivers/STM32F1xx_HAL_Driver/Inc/Legacy -I../Drivers/CMSIS/Device/ST/STM32F1xx/Include -I../Drivers/CMSIS/Include -O0 -ffunction-sections -fdata-sections -Wall -fstack-usage -MMD -MP -MF"Core/Src/global.d" -MT"Core/Src/global.o" --specs=nano.specs -mfloat-abi=soft -mthumb -o "Core/Src/global.o"
arm-none-eabi-gcc "../Core/Src/main.c" -mcpu=cortex-m3 -std=gnu11 -g3 -DDEBUG -DUSE_HAL_DRIVER -DSTM32F103x6 -c -I../Core/Inc -I../Drivers/STM32F1xx_HAL_Driver/Inc -I../Drivers/STM32F1xx_HAL_Driver/Inc/Legacy -I../Drivers/CMSIS/Device/ST/STM32F1xx/Include -I../Drivers/CMSIS/Include -O0 -ffunction-sections -fdata-sections -Wall -fstack-usage -MMD -MP -MF"Core/Src/main.d" -MT"Core/Src/main.o" --specs=nano.specs -mfloat-abi=soft -mthumb -o "Core/Src/main.o"
arm-none-eabi-gcc "../Core/Src/uart_communication_fsm.c" -mcpu=cortex-m3 -std=gnu11 -g3 -DDEBUG -DUSE_HAL_DRIVER -DSTM32F103x6 -c -I../Core/Inc -I../Drivers/STM32F1xx_HAL_Driver/Inc -I../Drivers/STM32F1xx_HAL_Driver/Inc/Legacy -I../Drivers/CMSIS/Device/ST/STM32F1xx/Include -I../Drivers/CMSIS/Include -O0 -ffunction-sections -fdata-sections -Wall -fstack-usage -MMD -MP -MF"Core/Src/uart_communication_fsm.d" -MT"Core/Src/uart_communication_fsm.o" --specs=nano.specs -mfloat-abi=soft -mthumb -o "Core/Src/uart_communication_fsm.o"
arm-none-eabi-gcc -o "LAB5_UART.elf" @"objects.list"   -mcpu=cortex-m3 -T"D:\1\Dai_Hoc\VXL\STM32LAB5\LAB5_UART\STM32F103C6UX_FLASH.ld" --specs=nosys.specs -Wl,-Map="LAB5_UART.map" -Wl,--gc-sections -static --specs=nano.specs -mfloat-abi=soft -mthumb -Wl,--start-group -lc -lm -Wl,--end-group
Finished building target: LAB5_UART.elf
 
arm-none-eabi-size   LAB5_UART.elf 
arm-none-eabi-objdump -h -S  LAB5_UART.elf  > "LAB5_UART.list"
arm-none-eabi-objcopy  -O ihex  LAB5_UART.elf  "LAB5_UART.hex"
   text	   data	    bss	    dec	    hex	filename
  16516	    124	   1916	  18556	   487c	LAB5_UART.elf
arm-none-eabi-objcopy  -O binary  LAB5_UART.elf  "LAB5_UART.bin"
Finished building: default.size.stdout
 
Finished building: LAB5_UART.hex
Finished building: LAB5_UART.bin
 
 
Finished building: LAB5_UART.list
 
10:00:01 **** Incremental Build of configuration Debug for project LAB5_UART ****
make -j20 all 
arm-none-eabi-gcc "../Core/Src/main.c" -mcpu=cortex-m3 -std=gnu11 -g3 -DDEBUG -DUSE_HAL_DRIVER -DSTM32F103x6 -c -I../Core/Inc -I../Drivers/STM32F1xx_HAL_Driver/Inc -I../Drivers/STM32F1xx_HAL_Driver/Inc/Legacy -I../Drivers/CMSIS/Device/ST/STM32F1xx/Include -I../Drivers/CMSIS/Include -O0 -ffunction-sections -fdata-sections -Wall -fstack-usage -MMD -MP -MF"Core/Src/main.d" -MT"Core/Src/main.o" --specs=nano.specs -mfloat-abi=soft -mthumb -o "Core/Src/main.o"
arm-none-eabi-gcc -o "LAB5_UART.elf" @"objects.list"   -mcpu=cortex-m3 -T"D:\1\Dai_Hoc\VXL\STM32LAB5\LAB5_UART\STM32F103C6UX_FLASH.ld" --specs=nosys.specs -Wl,-Map="LAB5_UART.map" -Wl,--gc-sections -static --specs=nano.specs -mfloat-abi=soft -mthumb -Wl,--start-group -lc -lm -Wl,--end-group
Finished building target: LAB5_UART.elf
 
arm-none-eabi-size   LAB5_UART.elf 
arm-none-eabi-objdump -h -S  LAB5_UART.elf  > "LAB5_UART.list"
arm-none-eabi-objcopy  -O ihex  LAB5_UART.elf  "LAB5_UART.hex"
   text	   data	    bss	    dec	    hex	filename
  16516	    124	   1916	  18556	   487c	LAB5_UART.elf
arm-none-eabi-objcopy  -O binary  LAB5_UART.elf  "LAB5_UART.bin"
Finished building: default.size.stdout
 
Finished building: LAB5_UART.hex
Finished building: LAB5_UART.bin
 
 
Finished building: LAB5_UART.list
 
10:13:17 **** Incremental Build of configuration Debug for project LAB5_UART ****
make -j20 all 
arm-none-eabi-gcc "../Core/Src/command_parser_fsm.c" -mcpu=cortex-m3 -std=gnu11 -g3 -DDEBUG -DUSE_HAL_DRIVER -DSTM32F103x6 -c -I../Core/Inc -I../Drivers/STM32F1xx_HAL_Driver/Inc -I../Drivers/STM32F1xx_HAL_Driver/Inc/Legacy -I../Drivers/CMSIS/Device/ST/STM32F1xx/Include -I../Drivers/CMSIS/Include -O0 -ffunction-sections -fdata-sections -Wall -fstack-usage -MMD -MP -MF"Core/Src/command_parser_fsm.d" -MT"Core/Src/command_parser_fsm.o" --specs=nano.specs -mfloat-abi=soft -mthumb -o "Core/Src/command_parser_fsm.o"
arm-none-eabi-gcc "../Core/Src/global.c" -mcpu=cortex-m3 -std=gnu11 -g3 -DDEBUG -DUSE_HAL_DRIVER -DSTM32F103x6 -c -I../Core/Inc -I../Drivers/STM32F1xx_HAL_Driver/Inc -I../Drivers/STM32F1xx_HAL_Driver/Inc/Legacy -I../Drivers/CMSIS/Device/ST/STM32F1xx/Include -I../Drivers/CMSIS/Include -O0 -ffunction-sections -fdata-sections -Wall -fstack-usage -MMD -MP -MF"Core/Src/global.d" -MT"Core/Src/global.o" --specs=nano.specs -mfloat-abi=soft -mthumb -o "Core/Src/global.o"
arm-none-eabi-gcc "../Core/Src/main.c" -mcpu=cortex-m3 -std=gnu11 -g3 -DDEBUG -DUSE_HAL_DRIVER -DSTM32F103x6 -c -I../Core/Inc -I../Drivers/STM32F1xx_HAL_Driver/Inc -I../Drivers/STM32F1xx_HAL_Driver/Inc/Legacy -I../Drivers/CMSIS/Device/ST/STM32F1xx/Include -I../Drivers/CMSIS/Include -O0 -ffunction-sections -fdata-sections -Wall -fstack-usage -MMD -MP -MF"Core/Src/main.d" -MT"Core/Src/main.o" --specs=nano.specs -mfloat-abi=soft -mthumb -o "Core/Src/main.o"
arm-none-eabi-gcc "../Core/Src/uart_communication_fsm.c" -mcpu=cortex-m3 -std=gnu11 -g3 -DDEBUG -DUSE_HAL_DRIVER -DSTM32F103x6 -c -I../Core/Inc -I../Drivers/STM32F1xx_HAL_Driver/Inc -I../Drivers/STM32F1xx_HAL_Driver/Inc/Legacy -I../Drivers/CMSIS/Device/ST/STM32F1xx/Include -I../Drivers/CMSIS/Include -O0 -ffunction-sections -fdata-sections -Wall -fstack-usage -MMD -MP -MF"Core/Src/uart_communication_fsm.d" -MT"Core/Src/uart_communication_fsm.o" --specs=nano.specs -mfloat-abi=soft -mthumb -o "Core/Src/uart_communication_fsm.o"
../Core/Src/uart_communication_fsm.c: In function 'uart_communication_fsm':
../Core/Src/uart_communication_fsm.c:19:7: warning: implicit declaration of function 'cmdEqualRST' [-Wimplicit-function-declaration]
   19 |   if (cmdEqualRST(command_data)){
      |       ^~~~~~~~~~~
../Core/Src/uart_communication_fsm.c:19:19: error: 'command_data' undeclared (first use in this function); did you mean 'command_status'?
   19 |   if (cmdEqualRST(command_data)){
      |                   ^~~~~~~~~~~~
      |                   command_status
../Core/Src/uart_communication_fsm.c:19:19: note: each undeclared identifier is reported only once for each function it appears in
../Core/Src/uart_communication_fsm.c:22:7: warning: implicit declaration of function 'cmdEqualOK' [-Wimplicit-function-declaration]
   22 |   if (cmdEqualOK(command_data)){
      |       ^~~~~~~~~~
../Core/Src/uart_communication_fsm.c:41:20: error: 'INIT' undeclared (first use in this function)
   41 |   command_status = INIT;
      |                    ^~~~
make: *** [Core/Src/subdir.mk:46: Core/Src/uart_communication_fsm.o] Error 1
make: *** Waiting for unfinished jobs....
"make -j20 all" terminated with exit code 2. Build might be incomplete.
10:14:22 **** Incremental Build of configuration Debug for project LAB5_UART ****
make -j20 all 
arm-none-eabi-gcc "../Core/Src/command_parser_fsm.c" -mcpu=cortex-m3 -std=gnu11 -g3 -DDEBUG -DUSE_HAL_DRIVER -DSTM32F103x6 -c -I../Core/Inc -I../Drivers/STM32F1xx_HAL_Driver/Inc -I../Drivers/STM32F1xx_HAL_Driver/Inc/Legacy -I../Drivers/CMSIS/Device/ST/STM32F1xx/Include -I../Drivers/CMSIS/Include -O0 -ffunction-sections -fdata-sections -Wall -fstack-usage -MMD -MP -MF"Core/Src/command_parser_fsm.d" -MT"Core/Src/command_parser_fsm.o" --specs=nano.specs -mfloat-abi=soft -mthumb -o "Core/Src/command_parser_fsm.o"
arm-none-eabi-gcc "../Core/Src/global.c" -mcpu=cortex-m3 -std=gnu11 -g3 -DDEBUG -DUSE_HAL_DRIVER -DSTM32F103x6 -c -I../Core/Inc -I../Drivers/STM32F1xx_HAL_Driver/Inc -I../Drivers/STM32F1xx_HAL_Driver/Inc/Legacy -I../Drivers/CMSIS/Device/ST/STM32F1xx/Include -I../Drivers/CMSIS/Include -O0 -ffunction-sections -fdata-sections -Wall -fstack-usage -MMD -MP -MF"Core/Src/global.d" -MT"Core/Src/global.o" --specs=nano.specs -mfloat-abi=soft -mthumb -o "Core/Src/global.o"
arm-none-eabi-gcc "../Core/Src/main.c" -mcpu=cortex-m3 -std=gnu11 -g3 -DDEBUG -DUSE_HAL_DRIVER -DSTM32F103x6 -c -I../Core/Inc -I../Drivers/STM32F1xx_HAL_Driver/Inc -I../Drivers/STM32F1xx_HAL_Driver/Inc/Legacy -I../Drivers/CMSIS/Device/ST/STM32F1xx/Include -I../Drivers/CMSIS/Include -O0 -ffunction-sections -fdata-sections -Wall -fstack-usage -MMD -MP -MF"Core/Src/main.d" -MT"Core/Src/main.o" --specs=nano.specs -mfloat-abi=soft -mthumb -o "Core/Src/main.o"
arm-none-eabi-gcc "../Core/Src/uart_communication_fsm.c" -mcpu=cortex-m3 -std=gnu11 -g3 -DDEBUG -DUSE_HAL_DRIVER -DSTM32F103x6 -c -I../Core/Inc -I../Drivers/STM32F1xx_HAL_Driver/Inc -I../Drivers/STM32F1xx_HAL_Driver/Inc/Legacy -I../Drivers/CMSIS/Device/ST/STM32F1xx/Include -I../Drivers/CMSIS/Include -O0 -ffunction-sections -fdata-sections -Wall -fstack-usage -MMD -MP -MF"Core/Src/uart_communication_fsm.d" -MT"Core/Src/uart_communication_fsm.o" --specs=nano.specs -mfloat-abi=soft -mthumb -o "Core/Src/uart_communication_fsm.o"
../Core/Src/uart_communication_fsm.c: In function 'uart_communication_fsm':
../Core/Src/uart_communication_fsm.c:26:19: error: 'command_data' undeclared (first use in this function); did you mean 'command_status'?
   26 |   if (cmdEqualRST(command_data)){
      |                   ^~~~~~~~~~~~
      |                   command_status
../Core/Src/uart_communication_fsm.c:26:19: note: each undeclared identifier is reported only once for each function it appears in
make: *** [Core/Src/subdir.mk:46: Core/Src/uart_communication_fsm.o] Error 1
make: *** Waiting for unfinished jobs....
"make -j20 all" terminated with exit code 2. Build might be incomplete.
10:15:16 **** Incremental Build of configuration Debug for project LAB5_UART ****
make -j20 all 
arm-none-eabi-gcc "../Core/Src/command_parser_fsm.c" -mcpu=cortex-m3 -std=gnu11 -g3 -DDEBUG -DUSE_HAL_DRIVER -DSTM32F103x6 -c -I../Core/Inc -I../Drivers/STM32F1xx_HAL_Driver/Inc -I../Drivers/STM32F1xx_HAL_Driver/Inc/Legacy -I../Drivers/CMSIS/Device/ST/STM32F1xx/Include -I../Drivers/CMSIS/Include -O0 -ffunction-sections -fdata-sections -Wall -fstack-usage -MMD -MP -MF"Core/Src/command_parser_fsm.d" -MT"Core/Src/command_parser_fsm.o" --specs=nano.specs -mfloat-abi=soft -mthumb -o "Core/Src/command_parser_fsm.o"
arm-none-eabi-gcc "../Core/Src/global.c" -mcpu=cortex-m3 -std=gnu11 -g3 -DDEBUG -DUSE_HAL_DRIVER -DSTM32F103x6 -c -I../Core/Inc -I../Drivers/STM32F1xx_HAL_Driver/Inc -I../Drivers/STM32F1xx_HAL_Driver/Inc/Legacy -I../Drivers/CMSIS/Device/ST/STM32F1xx/Include -I../Drivers/CMSIS/Include -O0 -ffunction-sections -fdata-sections -Wall -fstack-usage -MMD -MP -MF"Core/Src/global.d" -MT"Core/Src/global.o" --specs=nano.specs -mfloat-abi=soft -mthumb -o "Core/Src/global.o"
arm-none-eabi-gcc "../Core/Src/main.c" -mcpu=cortex-m3 -std=gnu11 -g3 -DDEBUG -DUSE_HAL_DRIVER -DSTM32F103x6 -c -I../Core/Inc -I../Drivers/STM32F1xx_HAL_Driver/Inc -I../Drivers/STM32F1xx_HAL_Driver/Inc/Legacy -I../Drivers/CMSIS/Device/ST/STM32F1xx/Include -I../Drivers/CMSIS/Include -O0 -ffunction-sections -fdata-sections -Wall -fstack-usage -MMD -MP -MF"Core/Src/main.d" -MT"Core/Src/main.o" --specs=nano.specs -mfloat-abi=soft -mthumb -o "Core/Src/main.o"
arm-none-eabi-gcc "../Core/Src/uart_communication_fsm.c" -mcpu=cortex-m3 -std=gnu11 -g3 -DDEBUG -DUSE_HAL_DRIVER -DSTM32F103x6 -c -I../Core/Inc -I../Drivers/STM32F1xx_HAL_Driver/Inc -I../Drivers/STM32F1xx_HAL_Driver/Inc/Legacy -I../Drivers/CMSIS/Device/ST/STM32F1xx/Include -I../Drivers/CMSIS/Include -O0 -ffunction-sections -fdata-sections -Wall -fstack-usage -MMD -MP -MF"Core/Src/uart_communication_fsm.d" -MT"Core/Src/uart_communication_fsm.o" --specs=nano.specs -mfloat-abi=soft -mthumb -o "Core/Src/uart_communication_fsm.o"
In file included from ../Core/Inc/global.h:16,
                 from ../Core/Src/global.c:8:
../Core/Inc/command_parser_fsm.h:14:29: error: 'MAX_COMMAND_SIZE' undeclared here (not in a function)
   14 | extern uint8_t command_data[MAX_COMMAND_SIZE];
      |                             ^~~~~~~~~~~~~~~~
In file included from ../Core/Inc/global.h:16,
                 from ../Core/Src/main.c:27:
../Core/Inc/command_parser_fsm.h:14:29: error: 'MAX_COMMAND_SIZE' undeclared here (not in a function)
   14 | extern uint8_t command_data[MAX_COMMAND_SIZE];
      |                             ^~~~~~~~~~~~~~~~
make: *** [Core/Src/subdir.mk:46: Core/Src/global.o] Error 1
make: *** Waiting for unfinished jobs....
In file included from ../Core/Inc/global.h:16,
                 from ../Core/Inc/uart_communication_fsm.h:11,
                 from ../Core/Src/uart_communication_fsm.c:7:
../Core/Inc/command_parser_fsm.h:14:29: error: 'MAX_COMMAND_SIZE' undeclared here (not in a function)
   14 | extern uint8_t command_data[MAX_COMMAND_SIZE];
      |                             ^~~~~~~~~~~~~~~~
make: *** [Core/Src/subdir.mk:46: Core/Src/main.o] Error 1
make: *** [Core/Src/subdir.mk:46: Core/Src/uart_communication_fsm.o] Error 1
"make -j20 all" terminated with exit code 2. Build might be incomplete.
10:15:46 **** Incremental Build of configuration Debug for project LAB5_UART ****
make -j20 all 
arm-none-eabi-gcc "../Core/Src/command_parser_fsm.c" -mcpu=cortex-m3 -std=gnu11 -g3 -DDEBUG -DUSE_HAL_DRIVER -DSTM32F103x6 -c -I../Core/Inc -I../Drivers/STM32F1xx_HAL_Driver/Inc -I../Drivers/STM32F1xx_HAL_Driver/Inc/Legacy -I../Drivers/CMSIS/Device/ST/STM32F1xx/Include -I../Drivers/CMSIS/Include -O0 -ffunction-sections -fdata-sections -Wall -fstack-usage -MMD -MP -MF"Core/Src/command_parser_fsm.d" -MT"Core/Src/command_parser_fsm.o" --specs=nano.specs -mfloat-abi=soft -mthumb -o "Core/Src/command_parser_fsm.o"
arm-none-eabi-gcc "../Core/Src/global.c" -mcpu=cortex-m3 -std=gnu11 -g3 -DDEBUG -DUSE_HAL_DRIVER -DSTM32F103x6 -c -I../Core/Inc -I../Drivers/STM32F1xx_HAL_Driver/Inc -I../Drivers/STM32F1xx_HAL_Driver/Inc/Legacy -I../Drivers/CMSIS/Device/ST/STM32F1xx/Include -I../Drivers/CMSIS/Include -O0 -ffunction-sections -fdata-sections -Wall -fstack-usage -MMD -MP -MF"Core/Src/global.d" -MT"Core/Src/global.o" --specs=nano.specs -mfloat-abi=soft -mthumb -o "Core/Src/global.o"
arm-none-eabi-gcc "../Core/Src/main.c" -mcpu=cortex-m3 -std=gnu11 -g3 -DDEBUG -DUSE_HAL_DRIVER -DSTM32F103x6 -c -I../Core/Inc -I../Drivers/STM32F1xx_HAL_Driver/Inc -I../Drivers/STM32F1xx_HAL_Driver/Inc/Legacy -I../Drivers/CMSIS/Device/ST/STM32F1xx/Include -I../Drivers/CMSIS/Include -O0 -ffunction-sections -fdata-sections -Wall -fstack-usage -MMD -MP -MF"Core/Src/main.d" -MT"Core/Src/main.o" --specs=nano.specs -mfloat-abi=soft -mthumb -o "Core/Src/main.o"
arm-none-eabi-gcc "../Core/Src/uart_communication_fsm.c" -mcpu=cortex-m3 -std=gnu11 -g3 -DDEBUG -DUSE_HAL_DRIVER -DSTM32F103x6 -c -I../Core/Inc -I../Drivers/STM32F1xx_HAL_Driver/Inc -I../Drivers/STM32F1xx_HAL_Driver/Inc/Legacy -I../Drivers/CMSIS/Device/ST/STM32F1xx/Include -I../Drivers/CMSIS/Include -O0 -ffunction-sections -fdata-sections -Wall -fstack-usage -MMD -MP -MF"Core/Src/uart_communication_fsm.d" -MT"Core/Src/uart_communication_fsm.o" --specs=nano.specs -mfloat-abi=soft -mthumb -o "Core/Src/uart_communication_fsm.o"
../Core/Src/command_parser_fsm.c:11:9: error: conflicting types for 'command_data'
   11 | uint8_t command_data[MAX_COMMAND_SIZE];
      |         ^~~~~~~~~~~~
In file included from ../Core/Src/command_parser_fsm.c:8:
../Core/Inc/command_parser_fsm.h:14:16: note: previous declaration of 'command_data' was here
   14 | extern uint8_t command_data;
      |                ^~~~~~~~~~~~
make: *** [Core/Src/subdir.mk:46: Core/Src/command_parser_fsm.o] Error 1
make: *** Waiting for unfinished jobs....
../Core/Src/uart_communication_fsm.c: In function 'uart_communication_fsm':
../Core/Src/uart_communication_fsm.c:26:19: warning: passing argument 1 of 'cmdEqualRST' makes pointer from integer without a cast [-Wint-conversion]
   26 |   if (cmdEqualRST(command_data)){
      |                   ^~~~~~~~~~~~
      |                   |
      |                   uint8_t {aka unsigned char}
../Core/Src/uart_communication_fsm.c:11:26: note: expected 'uint8_t *' {aka 'unsigned char *'} but argument is of type 'uint8_t' {aka 'unsigned char'}
   11 | bool cmdEqualRST(uint8_t str[]) {
      |                  ~~~~~~~~^~~~~
../Core/Src/uart_communication_fsm.c:29:18: warning: passing argument 1 of 'cmdEqualOK' makes pointer from integer without a cast [-Wint-conversion]
   29 |   if (cmdEqualOK(command_data)){
      |                  ^~~~~~~~~~~~
      |                  |
      |                  uint8_t {aka unsigned char}
../Core/Src/uart_communication_fsm.c:15:25: note: expected 'uint8_t *' {aka 'unsigned char *'} but argument is of type 'uint8_t' {aka 'unsigned char'}
   15 | bool cmdEqualOK(uint8_t str[]) {
      |                 ~~~~~~~~^~~~~
"make -j20 all" terminated with exit code 2. Build might be incomplete.
10:17:06 **** Incremental Build of configuration Debug for project LAB5_UART ****
make -j20 all 
arm-none-eabi-gcc "../Core/Src/command_parser_fsm.c" -mcpu=cortex-m3 -std=gnu11 -g3 -DDEBUG -DUSE_HAL_DRIVER -DSTM32F103x6 -c -I../Core/Inc -I../Drivers/STM32F1xx_HAL_Driver/Inc -I../Drivers/STM32F1xx_HAL_Driver/Inc/Legacy -I../Drivers/CMSIS/Device/ST/STM32F1xx/Include -I../Drivers/CMSIS/Include -O0 -ffunction-sections -fdata-sections -Wall -fstack-usage -MMD -MP -MF"Core/Src/command_parser_fsm.d" -MT"Core/Src/command_parser_fsm.o" --specs=nano.specs -mfloat-abi=soft -mthumb -o "Core/Src/command_parser_fsm.o"
arm-none-eabi-gcc "../Core/Src/global.c" -mcpu=cortex-m3 -std=gnu11 -g3 -DDEBUG -DUSE_HAL_DRIVER -DSTM32F103x6 -c -I../Core/Inc -I../Drivers/STM32F1xx_HAL_Driver/Inc -I../Drivers/STM32F1xx_HAL_Driver/Inc/Legacy -I../Drivers/CMSIS/Device/ST/STM32F1xx/Include -I../Drivers/CMSIS/Include -O0 -ffunction-sections -fdata-sections -Wall -fstack-usage -MMD -MP -MF"Core/Src/global.d" -MT"Core/Src/global.o" --specs=nano.specs -mfloat-abi=soft -mthumb -o "Core/Src/global.o"
arm-none-eabi-gcc "../Core/Src/main.c" -mcpu=cortex-m3 -std=gnu11 -g3 -DDEBUG -DUSE_HAL_DRIVER -DSTM32F103x6 -c -I../Core/Inc -I../Drivers/STM32F1xx_HAL_Driver/Inc -I../Drivers/STM32F1xx_HAL_Driver/Inc/Legacy -I../Drivers/CMSIS/Device/ST/STM32F1xx/Include -I../Drivers/CMSIS/Include -O0 -ffunction-sections -fdata-sections -Wall -fstack-usage -MMD -MP -MF"Core/Src/main.d" -MT"Core/Src/main.o" --specs=nano.specs -mfloat-abi=soft -mthumb -o "Core/Src/main.o"
arm-none-eabi-gcc "../Core/Src/uart_communication_fsm.c" -mcpu=cortex-m3 -std=gnu11 -g3 -DDEBUG -DUSE_HAL_DRIVER -DSTM32F103x6 -c -I../Core/Inc -I../Drivers/STM32F1xx_HAL_Driver/Inc -I../Drivers/STM32F1xx_HAL_Driver/Inc/Legacy -I../Drivers/CMSIS/Device/ST/STM32F1xx/Include -I../Drivers/CMSIS/Include -O0 -ffunction-sections -fdata-sections -Wall -fstack-usage -MMD -MP -MF"Core/Src/uart_communication_fsm.d" -MT"Core/Src/uart_communication_fsm.o" --specs=nano.specs -mfloat-abi=soft -mthumb -o "Core/Src/uart_communication_fsm.o"
arm-none-eabi-gcc -o "LAB5_UART.elf" @"objects.list"   -mcpu=cortex-m3 -T"D:\1\Dai_Hoc\VXL\STM32LAB5\LAB5_UART\STM32F103C6UX_FLASH.ld" --specs=nosys.specs -Wl,-Map="LAB5_UART.map" -Wl,--gc-sections -static --specs=nano.specs -mfloat-abi=soft -mthumb -Wl,--start-group -lc -lm -Wl,--end-group
Finished building target: LAB5_UART.elf
 
arm-none-eabi-size   LAB5_UART.elf 
arm-none-eabi-objdump -h -S  LAB5_UART.elf  > "LAB5_UART.list"
arm-none-eabi-objcopy  -O ihex  LAB5_UART.elf  "LAB5_UART.hex"
   text	   data	    bss	    dec	    hex	filename
  16500	    124	   1916	  18540	   486c	LAB5_UART.elf
arm-none-eabi-objcopy  -O binary  LAB5_UART.elf  "LAB5_UART.bin"
Finished building: default.size.stdout
 
Finished building: LAB5_UART.hex
Finished building: LAB5_UART.bin
 
 
Finished building: LAB5_UART.list
 
10:21:11 **** Incremental Build of configuration Debug for project LAB5_UART ****
make -j20 all 
arm-none-eabi-gcc "../Core/Src/command_parser_fsm.c" -mcpu=cortex-m3 -std=gnu11 -g3 -DDEBUG -DUSE_HAL_DRIVER -DSTM32F103x6 -c -I../Core/Inc -I../Drivers/STM32F1xx_HAL_Driver/Inc -I../Drivers/STM32F1xx_HAL_Driver/Inc/Legacy -I../Drivers/CMSIS/Device/ST/STM32F1xx/Include -I../Drivers/CMSIS/Include -O0 -ffunction-sections -fdata-sections -Wall -fstack-usage -MMD -MP -MF"Core/Src/command_parser_fsm.d" -MT"Core/Src/command_parser_fsm.o" --specs=nano.specs -mfloat-abi=soft -mthumb -o "Core/Src/command_parser_fsm.o"
arm-none-eabi-gcc "../Core/Src/global.c" -mcpu=cortex-m3 -std=gnu11 -g3 -DDEBUG -DUSE_HAL_DRIVER -DSTM32F103x6 -c -I../Core/Inc -I../Drivers/STM32F1xx_HAL_Driver/Inc -I../Drivers/STM32F1xx_HAL_Driver/Inc/Legacy -I../Drivers/CMSIS/Device/ST/STM32F1xx/Include -I../Drivers/CMSIS/Include -O0 -ffunction-sections -fdata-sections -Wall -fstack-usage -MMD -MP -MF"Core/Src/global.d" -MT"Core/Src/global.o" --specs=nano.specs -mfloat-abi=soft -mthumb -o "Core/Src/global.o"
arm-none-eabi-gcc "../Core/Src/uart_communication_fsm.c" -mcpu=cortex-m3 -std=gnu11 -g3 -DDEBUG -DUSE_HAL_DRIVER -DSTM32F103x6 -c -I../Core/Inc -I../Drivers/STM32F1xx_HAL_Driver/Inc -I../Drivers/STM32F1xx_HAL_Driver/Inc/Legacy -I../Drivers/CMSIS/Device/ST/STM32F1xx/Include -I../Drivers/CMSIS/Include -O0 -ffunction-sections -fdata-sections -Wall -fstack-usage -MMD -MP -MF"Core/Src/uart_communication_fsm.d" -MT"Core/Src/uart_communication_fsm.o" --specs=nano.specs -mfloat-abi=soft -mthumb -o "Core/Src/uart_communication_fsm.o"
../Core/Src/global.c:15:18: error: 'WAITTING' undeclared here (not in a function); did you mean 'WAITING'?
   15 | uint8_t status = WAITTING;
      |                  ^~~~~~~~
      |                  WAITING
make: *** [Core/Src/subdir.mk:46: Core/Src/global.o] Error 1
make: *** Waiting for unfinished jobs....
"make -j20 all" terminated with exit code 2. Build might be incomplete.
10:22:17 **** Incremental Build of configuration Debug for project LAB5_UART ****
make -j20 all 
arm-none-eabi-gcc "../Core/Src/command_parser_fsm.c" -mcpu=cortex-m3 -std=gnu11 -g3 -DDEBUG -DUSE_HAL_DRIVER -DSTM32F103x6 -c -I../Core/Inc -I../Drivers/STM32F1xx_HAL_Driver/Inc -I../Drivers/STM32F1xx_HAL_Driver/Inc/Legacy -I../Drivers/CMSIS/Device/ST/STM32F1xx/Include -I../Drivers/CMSIS/Include -O0 -ffunction-sections -fdata-sections -Wall -fstack-usage -MMD -MP -MF"Core/Src/command_parser_fsm.d" -MT"Core/Src/command_parser_fsm.o" --specs=nano.specs -mfloat-abi=soft -mthumb -o "Core/Src/command_parser_fsm.o"
arm-none-eabi-gcc "../Core/Src/global.c" -mcpu=cortex-m3 -std=gnu11 -g3 -DDEBUG -DUSE_HAL_DRIVER -DSTM32F103x6 -c -I../Core/Inc -I../Drivers/STM32F1xx_HAL_Driver/Inc -I../Drivers/STM32F1xx_HAL_Driver/Inc/Legacy -I../Drivers/CMSIS/Device/ST/STM32F1xx/Include -I../Drivers/CMSIS/Include -O0 -ffunction-sections -fdata-sections -Wall -fstack-usage -MMD -MP -MF"Core/Src/global.d" -MT"Core/Src/global.o" --specs=nano.specs -mfloat-abi=soft -mthumb -o "Core/Src/global.o"
arm-none-eabi-gcc "../Core/Src/main.c" -mcpu=cortex-m3 -std=gnu11 -g3 -DDEBUG -DUSE_HAL_DRIVER -DSTM32F103x6 -c -I../Core/Inc -I../Drivers/STM32F1xx_HAL_Driver/Inc -I../Drivers/STM32F1xx_HAL_Driver/Inc/Legacy -I../Drivers/CMSIS/Device/ST/STM32F1xx/Include -I../Drivers/CMSIS/Include -O0 -ffunction-sections -fdata-sections -Wall -fstack-usage -MMD -MP -MF"Core/Src/main.d" -MT"Core/Src/main.o" --specs=nano.specs -mfloat-abi=soft -mthumb -o "Core/Src/main.o"
arm-none-eabi-gcc "../Core/Src/uart_communication_fsm.c" -mcpu=cortex-m3 -std=gnu11 -g3 -DDEBUG -DUSE_HAL_DRIVER -DSTM32F103x6 -c -I../Core/Inc -I../Drivers/STM32F1xx_HAL_Driver/Inc -I../Drivers/STM32F1xx_HAL_Driver/Inc/Legacy -I../Drivers/CMSIS/Device/ST/STM32F1xx/Include -I../Drivers/CMSIS/Include -O0 -ffunction-sections -fdata-sections -Wall -fstack-usage -MMD -MP -MF"Core/Src/uart_communication_fsm.d" -MT"Core/Src/uart_communication_fsm.o" --specs=nano.specs -mfloat-abi=soft -mthumb -o "Core/Src/uart_communication_fsm.o"
arm-none-eabi-gcc -o "LAB5_UART.elf" @"objects.list"   -mcpu=cortex-m3 -T"D:\1\Dai_Hoc\VXL\STM32LAB5\LAB5_UART\STM32F103C6UX_FLASH.ld" --specs=nosys.specs -Wl,-Map="LAB5_UART.map" -Wl,--gc-sections -static --specs=nano.specs -mfloat-abi=soft -mthumb -Wl,--start-group -lc -lm -Wl,--end-group
c:\st\stm32cubeide_1.7.0\stm32cubeide\plugins\com.st.stm32cube.ide.mcu.externaltools.gnu-tools-for-stm32.9-2020-q2-update.win32_2.0.0.202105311346\tools\arm-none-eabi\bin\ld.exe: ./Core/Src/uart_communication_fsm.o:D:/1/Dai_Hoc/VXL/STM32LAB5/LAB5_UART/Debug/../Core/Inc/global.h:38: multiple definition of `command_status'; ./Core/Src/global.o:(.data.command_status+0x0): first defined here
c:\st\stm32cubeide_1.7.0\stm32cubeide\plugins\com.st.stm32cube.ide.mcu.externaltools.gnu-tools-for-stm32.9-2020-q2-update.win32_2.0.0.202105311346\tools\arm-none-eabi\bin\ld.exe: ./Core/Src/command_parser_fsm.o: in function `command_parser_fsm':
D:/1/Dai_Hoc/VXL/STM32LAB5/LAB5_UART/Debug/../Core/Src/command_parser_fsm.c:41: undefined reference to `command_data'
c:\st\stm32cubeide_1.7.0\stm32cubeide\plugins\com.st.stm32cube.ide.mcu.externaltools.gnu-tools-for-stm32.9-2020-q2-update.win32_2.0.0.202105311346\tools\arm-none-eabi\bin\ld.exe: ./Core/Src/uart_communication_fsm.o: in function `uart_communication_fsm':
D:/1/Dai_Hoc/VXL/STM32LAB5/LAB5_UART/Debug/../Core/Src/uart_communication_fsm.c:62: undefined reference to `command_data'
collect2.exe: error: ld returned 1 exit status
make: *** [makefile:68: LAB5_UART.elf] Error 1
"make -j20 all" terminated with exit code 2. Build might be incomplete.
10:22:48 **** Incremental Build of configuration Debug for project LAB5_UART ****
make -j20 all 
arm-none-eabi-gcc "../Core/Src/command_parser_fsm.c" -mcpu=cortex-m3 -std=gnu11 -g3 -DDEBUG -DUSE_HAL_DRIVER -DSTM32F103x6 -c -I../Core/Inc -I../Drivers/STM32F1xx_HAL_Driver/Inc -I../Drivers/STM32F1xx_HAL_Driver/Inc/Legacy -I../Drivers/CMSIS/Device/ST/STM32F1xx/Include -I../Drivers/CMSIS/Include -O0 -ffunction-sections -fdata-sections -Wall -fstack-usage -MMD -MP -MF"Core/Src/command_parser_fsm.d" -MT"Core/Src/command_parser_fsm.o" --specs=nano.specs -mfloat-abi=soft -mthumb -o "Core/Src/command_parser_fsm.o"
arm-none-eabi-gcc "../Core/Src/global.c" -mcpu=cortex-m3 -std=gnu11 -g3 -DDEBUG -DUSE_HAL_DRIVER -DSTM32F103x6 -c -I../Core/Inc -I../Drivers/STM32F1xx_HAL_Driver/Inc -I../Drivers/STM32F1xx_HAL_Driver/Inc/Legacy -I../Drivers/CMSIS/Device/ST/STM32F1xx/Include -I../Drivers/CMSIS/Include -O0 -ffunction-sections -fdata-sections -Wall -fstack-usage -MMD -MP -MF"Core/Src/global.d" -MT"Core/Src/global.o" --specs=nano.specs -mfloat-abi=soft -mthumb -o "Core/Src/global.o"
arm-none-eabi-gcc "../Core/Src/main.c" -mcpu=cortex-m3 -std=gnu11 -g3 -DDEBUG -DUSE_HAL_DRIVER -DSTM32F103x6 -c -I../Core/Inc -I../Drivers/STM32F1xx_HAL_Driver/Inc -I../Drivers/STM32F1xx_HAL_Driver/Inc/Legacy -I../Drivers/CMSIS/Device/ST/STM32F1xx/Include -I../Drivers/CMSIS/Include -O0 -ffunction-sections -fdata-sections -Wall -fstack-usage -MMD -MP -MF"Core/Src/main.d" -MT"Core/Src/main.o" --specs=nano.specs -mfloat-abi=soft -mthumb -o "Core/Src/main.o"
arm-none-eabi-gcc "../Core/Src/uart_communication_fsm.c" -mcpu=cortex-m3 -std=gnu11 -g3 -DDEBUG -DUSE_HAL_DRIVER -DSTM32F103x6 -c -I../Core/Inc -I../Drivers/STM32F1xx_HAL_Driver/Inc -I../Drivers/STM32F1xx_HAL_Driver/Inc/Legacy -I../Drivers/CMSIS/Device/ST/STM32F1xx/Include -I../Drivers/CMSIS/Include -O0 -ffunction-sections -fdata-sections -Wall -fstack-usage -MMD -MP -MF"Core/Src/uart_communication_fsm.d" -MT"Core/Src/uart_communication_fsm.o" --specs=nano.specs -mfloat-abi=soft -mthumb -o "Core/Src/uart_communication_fsm.o"
arm-none-eabi-gcc -o "LAB5_UART.elf" @"objects.list"   -mcpu=cortex-m3 -T"D:\1\Dai_Hoc\VXL\STM32LAB5\LAB5_UART\STM32F103C6UX_FLASH.ld" --specs=nosys.specs -Wl,-Map="LAB5_UART.map" -Wl,--gc-sections -static --specs=nano.specs -mfloat-abi=soft -mthumb -Wl,--start-group -lc -lm -Wl,--end-group
c:\st\stm32cubeide_1.7.0\stm32cubeide\plugins\com.st.stm32cube.ide.mcu.externaltools.gnu-tools-for-stm32.9-2020-q2-update.win32_2.0.0.202105311346\tools\arm-none-eabi\bin\ld.exe: ./Core/Src/command_parser_fsm.o: in function `command_parser_fsm':
D:/1/Dai_Hoc/VXL/STM32LAB5/LAB5_UART/Debug/../Core/Src/command_parser_fsm.c:41: undefined reference to `command_data'
c:\st\stm32cubeide_1.7.0\stm32cubeide\plugins\com.st.stm32cube.ide.mcu.externaltools.gnu-tools-for-stm32.9-2020-q2-update.win32_2.0.0.202105311346\tools\arm-none-eabi\bin\ld.exe: ./Core/Src/uart_communication_fsm.o: in function `uart_communication_fsm':
D:/1/Dai_Hoc/VXL/STM32LAB5/LAB5_UART/Debug/../Core/Src/uart_communication_fsm.c:61: undefined reference to `command_data'
collect2.exe: error: ld returned 1 exit status
make: *** [makefile:68: LAB5_UART.elf] Error 1
"make -j20 all" terminated with exit code 2. Build might be incomplete.
10:23:53 **** Incremental Build of configuration Debug for project LAB5_UART ****
make -j20 all 
arm-none-eabi-gcc "../Core/Src/global.c" -mcpu=cortex-m3 -std=gnu11 -g3 -DDEBUG -DUSE_HAL_DRIVER -DSTM32F103x6 -c -I../Core/Inc -I../Drivers/STM32F1xx_HAL_Driver/Inc -I../Drivers/STM32F1xx_HAL_Driver/Inc/Legacy -I../Drivers/CMSIS/Device/ST/STM32F1xx/Include -I../Drivers/CMSIS/Include -O0 -ffunction-sections -fdata-sections -Wall -fstack-usage -MMD -MP -MF"Core/Src/global.d" -MT"Core/Src/global.o" --specs=nano.specs -mfloat-abi=soft -mthumb -o "Core/Src/global.o"
arm-none-eabi-gcc -o "LAB5_UART.elf" @"objects.list"   -mcpu=cortex-m3 -T"D:\1\Dai_Hoc\VXL\STM32LAB5\LAB5_UART\STM32F103C6UX_FLASH.ld" --specs=nosys.specs -Wl,-Map="LAB5_UART.map" -Wl,--gc-sections -static --specs=nano.specs -mfloat-abi=soft -mthumb -Wl,--start-group -lc -lm -Wl,--end-group
Finished building target: LAB5_UART.elf
 
arm-none-eabi-size   LAB5_UART.elf 
arm-none-eabi-objdump -h -S  LAB5_UART.elf  > "LAB5_UART.list"
arm-none-eabi-objcopy  -O ihex  LAB5_UART.elf  "LAB5_UART.hex"
arm-none-eabi-objcopy  -O binary  LAB5_UART.elf  "LAB5_UART.bin"
   text	   data	    bss	    dec	    hex	filename
  16488	    124	   1908	  18520	   4858	LAB5_UART.elf
Finished building: default.size.stdout
 
Finished building: LAB5_UART.hex
Finished building: LAB5_UART.bin
 
 
Finished building: LAB5_UART.list
 
10:29:51 **** Incremental Build of configuration Debug for project LAB5_UART ****
make -j20 all 
arm-none-eabi-gcc "../Core/Src/command_parser_fsm.c" -mcpu=cortex-m3 -std=gnu11 -g3 -DDEBUG -DUSE_HAL_DRIVER -DSTM32F103x6 -c -I../Core/Inc -I../Drivers/STM32F1xx_HAL_Driver/Inc -I../Drivers/STM32F1xx_HAL_Driver/Inc/Legacy -I../Drivers/CMSIS/Device/ST/STM32F1xx/Include -I../Drivers/CMSIS/Include -O0 -ffunction-sections -fdata-sections -Wall -fstack-usage -MMD -MP -MF"Core/Src/command_parser_fsm.d" -MT"Core/Src/command_parser_fsm.o" --specs=nano.specs -mfloat-abi=soft -mthumb -o "Core/Src/command_parser_fsm.o"
arm-none-eabi-gcc "../Core/Src/global.c" -mcpu=cortex-m3 -std=gnu11 -g3 -DDEBUG -DUSE_HAL_DRIVER -DSTM32F103x6 -c -I../Core/Inc -I../Drivers/STM32F1xx_HAL_Driver/Inc -I../Drivers/STM32F1xx_HAL_Driver/Inc/Legacy -I../Drivers/CMSIS/Device/ST/STM32F1xx/Include -I../Drivers/CMSIS/Include -O0 -ffunction-sections -fdata-sections -Wall -fstack-usage -MMD -MP -MF"Core/Src/global.d" -MT"Core/Src/global.o" --specs=nano.specs -mfloat-abi=soft -mthumb -o "Core/Src/global.o"
arm-none-eabi-gcc "../Core/Src/main.c" -mcpu=cortex-m3 -std=gnu11 -g3 -DDEBUG -DUSE_HAL_DRIVER -DSTM32F103x6 -c -I../Core/Inc -I../Drivers/STM32F1xx_HAL_Driver/Inc -I../Drivers/STM32F1xx_HAL_Driver/Inc/Legacy -I../Drivers/CMSIS/Device/ST/STM32F1xx/Include -I../Drivers/CMSIS/Include -O0 -ffunction-sections -fdata-sections -Wall -fstack-usage -MMD -MP -MF"Core/Src/main.d" -MT"Core/Src/main.o" --specs=nano.specs -mfloat-abi=soft -mthumb -o "Core/Src/main.o"
arm-none-eabi-gcc "../Core/Src/uart_communication_fsm.c" -mcpu=cortex-m3 -std=gnu11 -g3 -DDEBUG -DUSE_HAL_DRIVER -DSTM32F103x6 -c -I../Core/Inc -I../Drivers/STM32F1xx_HAL_Driver/Inc -I../Drivers/STM32F1xx_HAL_Driver/Inc/Legacy -I../Drivers/CMSIS/Device/ST/STM32F1xx/Include -I../Drivers/CMSIS/Include -O0 -ffunction-sections -fdata-sections -Wall -fstack-usage -MMD -MP -MF"Core/Src/uart_communication_fsm.d" -MT"Core/Src/uart_communication_fsm.o" --specs=nano.specs -mfloat-abi=soft -mthumb -o "Core/Src/uart_communication_fsm.o"
../Core/Src/global.c:15:18: error: 'WAITING' undeclared here (not in a function)
   15 | uint8_t status = WAITING;
      |                  ^~~~~~~
make: *** [Core/Src/subdir.mk:46: Core/Src/global.o] Error 1
make: *** Waiting for unfinished jobs....
"make -j20 all" terminated with exit code 2. Build might be incomplete.
10:30:25 **** Incremental Build of configuration Debug for project LAB5_UART ****
make -j20 all 
arm-none-eabi-gcc "../Core/Src/command_parser_fsm.c" -mcpu=cortex-m3 -std=gnu11 -g3 -DDEBUG -DUSE_HAL_DRIVER -DSTM32F103x6 -c -I../Core/Inc -I../Drivers/STM32F1xx_HAL_Driver/Inc -I../Drivers/STM32F1xx_HAL_Driver/Inc/Legacy -I../Drivers/CMSIS/Device/ST/STM32F1xx/Include -I../Drivers/CMSIS/Include -O0 -ffunction-sections -fdata-sections -Wall -fstack-usage -MMD -MP -MF"Core/Src/command_parser_fsm.d" -MT"Core/Src/command_parser_fsm.o" --specs=nano.specs -mfloat-abi=soft -mthumb -o "Core/Src/command_parser_fsm.o"
arm-none-eabi-gcc "../Core/Src/global.c" -mcpu=cortex-m3 -std=gnu11 -g3 -DDEBUG -DUSE_HAL_DRIVER -DSTM32F103x6 -c -I../Core/Inc -I../Drivers/STM32F1xx_HAL_Driver/Inc -I../Drivers/STM32F1xx_HAL_Driver/Inc/Legacy -I../Drivers/CMSIS/Device/ST/STM32F1xx/Include -I../Drivers/CMSIS/Include -O0 -ffunction-sections -fdata-sections -Wall -fstack-usage -MMD -MP -MF"Core/Src/global.d" -MT"Core/Src/global.o" --specs=nano.specs -mfloat-abi=soft -mthumb -o "Core/Src/global.o"
arm-none-eabi-gcc "../Core/Src/main.c" -mcpu=cortex-m3 -std=gnu11 -g3 -DDEBUG -DUSE_HAL_DRIVER -DSTM32F103x6 -c -I../Core/Inc -I../Drivers/STM32F1xx_HAL_Driver/Inc -I../Drivers/STM32F1xx_HAL_Driver/Inc/Legacy -I../Drivers/CMSIS/Device/ST/STM32F1xx/Include -I../Drivers/CMSIS/Include -O0 -ffunction-sections -fdata-sections -Wall -fstack-usage -MMD -MP -MF"Core/Src/main.d" -MT"Core/Src/main.o" --specs=nano.specs -mfloat-abi=soft -mthumb -o "Core/Src/main.o"
arm-none-eabi-gcc "../Core/Src/uart_communication_fsm.c" -mcpu=cortex-m3 -std=gnu11 -g3 -DDEBUG -DUSE_HAL_DRIVER -DSTM32F103x6 -c -I../Core/Inc -I../Drivers/STM32F1xx_HAL_Driver/Inc -I../Drivers/STM32F1xx_HAL_Driver/Inc/Legacy -I../Drivers/CMSIS/Device/ST/STM32F1xx/Include -I../Drivers/CMSIS/Include -O0 -ffunction-sections -fdata-sections -Wall -fstack-usage -MMD -MP -MF"Core/Src/uart_communication_fsm.d" -MT"Core/Src/uart_communication_fsm.o" --specs=nano.specs -mfloat-abi=soft -mthumb -o "Core/Src/uart_communication_fsm.o"
arm-none-eabi-gcc -o "LAB5_UART.elf" @"objects.list"   -mcpu=cortex-m3 -T"D:\1\Dai_Hoc\VXL\STM32LAB5\LAB5_UART\STM32F103C6UX_FLASH.ld" --specs=nosys.specs -Wl,-Map="LAB5_UART.map" -Wl,--gc-sections -static --specs=nano.specs -mfloat-abi=soft -mthumb -Wl,--start-group -lc -lm -Wl,--end-group
c:\st\stm32cubeide_1.7.0\stm32cubeide\plugins\com.st.stm32cube.ide.mcu.externaltools.gnu-tools-for-stm32.9-2020-q2-update.win32_2.0.0.202105311346\tools\arm-none-eabi\bin\ld.exe: ./Core/Src/global.o:(.data.status+0x0): multiple definition of `status'; ./Core/Src/command_parser_fsm.o:D:/1/Dai_Hoc/VXL/STM32LAB5/LAB5_UART/Debug/../Core/Inc/global.h:37: first defined here
c:\st\stm32cubeide_1.7.0\stm32cubeide\plugins\com.st.stm32cube.ide.mcu.externaltools.gnu-tools-for-stm32.9-2020-q2-update.win32_2.0.0.202105311346\tools\arm-none-eabi\bin\ld.exe: ./Core/Src/uart_communication_fsm.o: in function `cmdEqualRST':
D:/1/Dai_Hoc/VXL/STM32LAB5/LAB5_UART/Debug/../Core/Src/uart_communication_fsm.c:10: multiple definition of `cmdEqualRST'; ./Core/Src/command_parser_fsm.o:D:/1/Dai_Hoc/VXL/STM32LAB5/LAB5_UART/Debug/../Core/Src/command_parser_fsm.c:14: first defined here
c:\st\stm32cubeide_1.7.0\stm32cubeide\plugins\com.st.stm32cube.ide.mcu.externaltools.gnu-tools-for-stm32.9-2020-q2-update.win32_2.0.0.202105311346\tools\arm-none-eabi\bin\ld.exe: ./Core/Src/uart_communication_fsm.o: in function `cmdEqualOK':
D:/1/Dai_Hoc/VXL/STM32LAB5/LAB5_UART/Debug/../Core/Src/uart_communication_fsm.c:14: multiple definition of `cmdEqualOK'; ./Core/Src/command_parser_fsm.o:D:/1/Dai_Hoc/VXL/STM32LAB5/LAB5_UART/Debug/../Core/Src/command_parser_fsm.c:18: first defined here
collect2.exe: error: ld returned 1 exit status
make: *** [makefile:68: LAB5_UART.elf] Error 1
"make -j20 all" terminated with exit code 2. Build might be incomplete.
10:30:49 **** Incremental Build of configuration Debug for project LAB5_UART ****
make -j20 all 
arm-none-eabi-gcc "../Core/Src/command_parser_fsm.c" -mcpu=cortex-m3 -std=gnu11 -g3 -DDEBUG -DUSE_HAL_DRIVER -DSTM32F103x6 -c -I../Core/Inc -I../Drivers/STM32F1xx_HAL_Driver/Inc -I../Drivers/STM32F1xx_HAL_Driver/Inc/Legacy -I../Drivers/CMSIS/Device/ST/STM32F1xx/Include -I../Drivers/CMSIS/Include -O0 -ffunction-sections -fdata-sections -Wall -fstack-usage -MMD -MP -MF"Core/Src/command_parser_fsm.d" -MT"Core/Src/command_parser_fsm.o" --specs=nano.specs -mfloat-abi=soft -mthumb -o "Core/Src/command_parser_fsm.o"
../Core/Src/command_parser_fsm.c: In function 'command_parser_fsm':
../Core/Src/command_parser_fsm.c:35:7: warning: implicit declaration of function 'cmdEqualRST' [-Wimplicit-function-declaration]
   35 |   if (cmdEqualRST(command_data)) {
      |       ^~~~~~~~~~~
../Core/Src/command_parser_fsm.c:37:14: warning: implicit declaration of function 'cmdEqualOK' [-Wimplicit-function-declaration]
   37 |   } else if (cmdEqualOK(command_data)) {
      |              ^~~~~~~~~~
arm-none-eabi-gcc -o "LAB5_UART.elf" @"objects.list"   -mcpu=cortex-m3 -T"D:\1\Dai_Hoc\VXL\STM32LAB5\LAB5_UART\STM32F103C6UX_FLASH.ld" --specs=nosys.specs -Wl,-Map="LAB5_UART.map" -Wl,--gc-sections -static --specs=nano.specs -mfloat-abi=soft -mthumb -Wl,--start-group -lc -lm -Wl,--end-group
c:\st\stm32cubeide_1.7.0\stm32cubeide\plugins\com.st.stm32cube.ide.mcu.externaltools.gnu-tools-for-stm32.9-2020-q2-update.win32_2.0.0.202105311346\tools\arm-none-eabi\bin\ld.exe: ./Core/Src/global.o:(.data.status+0x0): multiple definition of `status'; ./Core/Src/command_parser_fsm.o:D:/1/Dai_Hoc/VXL/STM32LAB5/LAB5_UART/Debug/../Core/Inc/global.h:37: first defined here
collect2.exe: error: ld returned 1 exit status
make: *** [makefile:68: LAB5_UART.elf] Error 1
"make -j20 all" terminated with exit code 2. Build might be incomplete.
10:32:21 **** Incremental Build of configuration Debug for project LAB5_UART ****
make -j20 all 
arm-none-eabi-gcc "../Core/Src/command_parser_fsm.c" -mcpu=cortex-m3 -std=gnu11 -g3 -DDEBUG -DUSE_HAL_DRIVER -DSTM32F103x6 -c -I../Core/Inc -I../Drivers/STM32F1xx_HAL_Driver/Inc -I../Drivers/STM32F1xx_HAL_Driver/Inc/Legacy -I../Drivers/CMSIS/Device/ST/STM32F1xx/Include -I../Drivers/CMSIS/Include -O0 -ffunction-sections -fdata-sections -Wall -fstack-usage -MMD -MP -MF"Core/Src/command_parser_fsm.d" -MT"Core/Src/command_parser_fsm.o" --specs=nano.specs -mfloat-abi=soft -mthumb -o "Core/Src/command_parser_fsm.o"
arm-none-eabi-gcc "../Core/Src/global.c" -mcpu=cortex-m3 -std=gnu11 -g3 -DDEBUG -DUSE_HAL_DRIVER -DSTM32F103x6 -c -I../Core/Inc -I../Drivers/STM32F1xx_HAL_Driver/Inc -I../Drivers/STM32F1xx_HAL_Driver/Inc/Legacy -I../Drivers/CMSIS/Device/ST/STM32F1xx/Include -I../Drivers/CMSIS/Include -O0 -ffunction-sections -fdata-sections -Wall -fstack-usage -MMD -MP -MF"Core/Src/global.d" -MT"Core/Src/global.o" --specs=nano.specs -mfloat-abi=soft -mthumb -o "Core/Src/global.o"
../Core/Src/command_parser_fsm.c: In function 'command_parser_fsm':
../Core/Src/command_parser_fsm.c:34:7: warning: implicit declaration of function 'cmdEqualRST' [-Wimplicit-function-declaration]
   34 |   if (cmdEqualRST(command_data)) {
      |       ^~~~~~~~~~~
../Core/Src/command_parser_fsm.c:36:14: warning: implicit declaration of function 'cmdEqualOK' [-Wimplicit-function-declaration]
   36 |   } else if (cmdEqualOK(command_data)) {
      |              ^~~~~~~~~~
arm-none-eabi-gcc -o "LAB5_UART.elf" @"objects.list"   -mcpu=cortex-m3 -T"D:\1\Dai_Hoc\VXL\STM32LAB5\LAB5_UART\STM32F103C6UX_FLASH.ld" --specs=nosys.specs -Wl,-Map="LAB5_UART.map" -Wl,--gc-sections -static --specs=nano.specs -mfloat-abi=soft -mthumb -Wl,--start-group -lc -lm -Wl,--end-group
Finished building target: LAB5_UART.elf
 
arm-none-eabi-size   LAB5_UART.elf 
arm-none-eabi-objdump -h -S  LAB5_UART.elf  > "LAB5_UART.list"
arm-none-eabi-objcopy  -O ihex  LAB5_UART.elf  "LAB5_UART.hex"
   text	   data	    bss	    dec	    hex	filename
  16536	    124	   1908	  18568	   4888	LAB5_UART.elf
arm-none-eabi-objcopy  -O binary  LAB5_UART.elf  "LAB5_UART.bin"
Finished building: default.size.stdout
 
Finished building: LAB5_UART.hex
Finished building: LAB5_UART.bin
 
 
Finished building: LAB5_UART.list
 
10:32:42 **** Incremental Build of configuration Debug for project LAB5_UART ****
make -j20 all 
arm-none-eabi-gcc "../Core/Src/command_parser_fsm.c" -mcpu=cortex-m3 -std=gnu11 -g3 -DDEBUG -DUSE_HAL_DRIVER -DSTM32F103x6 -c -I../Core/Inc -I../Drivers/STM32F1xx_HAL_Driver/Inc -I../Drivers/STM32F1xx_HAL_Driver/Inc/Legacy -I../Drivers/CMSIS/Device/ST/STM32F1xx/Include -I../Drivers/CMSIS/Include -O0 -ffunction-sections -fdata-sections -Wall -fstack-usage -MMD -MP -MF"Core/Src/command_parser_fsm.d" -MT"Core/Src/command_parser_fsm.o" --specs=nano.specs -mfloat-abi=soft -mthumb -o "Core/Src/command_parser_fsm.o"
arm-none-eabi-gcc -o "LAB5_UART.elf" @"objects.list"   -mcpu=cortex-m3 -T"D:\1\Dai_Hoc\VXL\STM32LAB5\LAB5_UART\STM32F103C6UX_FLASH.ld" --specs=nosys.specs -Wl,-Map="LAB5_UART.map" -Wl,--gc-sections -static --specs=nano.specs -mfloat-abi=soft -mthumb -Wl,--start-group -lc -lm -Wl,--end-group
Finished building target: LAB5_UART.elf
 
arm-none-eabi-size   LAB5_UART.elf 
arm-none-eabi-objdump -h -S  LAB5_UART.elf  > "LAB5_UART.list"
arm-none-eabi-objcopy  -O ihex  LAB5_UART.elf  "LAB5_UART.hex"
   text	   data	    bss	    dec	    hex	filename
  16480	    124	   1908	  18512	   4850	LAB5_UART.elf
arm-none-eabi-objcopy  -O binary  LAB5_UART.elf  "LAB5_UART.bin"
Finished building: default.size.stdout
 
Finished building: LAB5_UART.hex
Finished building: LAB5_UART.bin
 
 
Finished building: LAB5_UART.list
 
10:34:17 **** Incremental Build of configuration Debug for project LAB5_UART ****
make -j20 all 
arm-none-eabi-gcc "../Core/Src/command_parser_fsm.c" -mcpu=cortex-m3 -std=gnu11 -g3 -DDEBUG -DUSE_HAL_DRIVER -DSTM32F103x6 -c -I../Core/Inc -I../Drivers/STM32F1xx_HAL_Driver/Inc -I../Drivers/STM32F1xx_HAL_Driver/Inc/Legacy -I../Drivers/CMSIS/Device/ST/STM32F1xx/Include -I../Drivers/CMSIS/Include -O0 -ffunction-sections -fdata-sections -Wall -fstack-usage -MMD -MP -MF"Core/Src/command_parser_fsm.d" -MT"Core/Src/command_parser_fsm.o" --specs=nano.specs -mfloat-abi=soft -mthumb -o "Core/Src/command_parser_fsm.o"
arm-none-eabi-gcc "../Core/Src/global.c" -mcpu=cortex-m3 -std=gnu11 -g3 -DDEBUG -DUSE_HAL_DRIVER -DSTM32F103x6 -c -I../Core/Inc -I../Drivers/STM32F1xx_HAL_Driver/Inc -I../Drivers/STM32F1xx_HAL_Driver/Inc/Legacy -I../Drivers/CMSIS/Device/ST/STM32F1xx/Include -I../Drivers/CMSIS/Include -O0 -ffunction-sections -fdata-sections -Wall -fstack-usage -MMD -MP -MF"Core/Src/global.d" -MT"Core/Src/global.o" --specs=nano.specs -mfloat-abi=soft -mthumb -o "Core/Src/global.o"
arm-none-eabi-gcc -o "LAB5_UART.elf" @"objects.list"   -mcpu=cortex-m3 -T"D:\1\Dai_Hoc\VXL\STM32LAB5\LAB5_UART\STM32F103C6UX_FLASH.ld" --specs=nosys.specs -Wl,-Map="LAB5_UART.map" -Wl,--gc-sections -static --specs=nano.specs -mfloat-abi=soft -mthumb -Wl,--start-group -lc -lm -Wl,--end-group
Finished building target: LAB5_UART.elf
 
arm-none-eabi-size   LAB5_UART.elf 
arm-none-eabi-objdump -h -S  LAB5_UART.elf  > "LAB5_UART.list"
arm-none-eabi-objcopy  -O ihex  LAB5_UART.elf  "LAB5_UART.hex"
   text	   data	    bss	    dec	    hex	filename
  16488	    120	   1912	  18520	   4858	LAB5_UART.elf
arm-none-eabi-objcopy  -O binary  LAB5_UART.elf  "LAB5_UART.bin"
Finished building: default.size.stdout
 
Finished building: LAB5_UART.hex
Finished building: LAB5_UART.bin
 
 
Finished building: LAB5_UART.list
 
